<div class="titlepage"><div><div><h1 class="title">
<a id="writing-tests-for-phpunit"></a>Chapter 2. Writing Tests for PHPUnit</h1></div></div></div>
<p>
    <a id="idp93488" class="indexterm"></a>

    <a class="xref" href="writing-tests-for-phpunit.html#writing-tests-for-phpunit.examples.StackTest.php" title="Example 2.1: Testing array operations with PHPUnit">Example 2.1</a> shows
    how we can write tests using PHPUnit that exercise PHP's array operations.
    The example introduces the basic conventions and steps for writing tests
    with PHPUnit:
  </p>
<div class="orderedlist"><ol class="orderedlist" type="1">
<li class="listitem"><p>The tests for a class <code class="literal">Class</code> go into a class <code class="literal">ClassTest</code>.</p></li>
<li class="listitem"><p><code class="literal">ClassTest</code> inherits (most of the time) from <code class="literal">PHPUnit_Framework_TestCase</code>.</p></li>
<li class="listitem">
<p>The tests are public methods that are named <code class="literal">test*</code>.</p>
<p><a id="idp69440" class="indexterm"></a><a id="idp69856" class="indexterm"></a>Alternatively, you can use the <code class="literal">@test</code> annotation in a method's docblock to mark it as a test method.</p>
</li>
<li class="listitem"><p>Inside the test methods, assertion methods such as <code class="literal">assertEquals()</code> (see <a class="xref" href="appendixes.assertions.html" title="Appendix A. Assertions">Appendix A</a>) are used to assert that an actual value matches an expected value.</p></li>
</ol></div>
<div class="example">
<a id="writing-tests-for-phpunit.examples.StackTest.php"></a><p class="title"><strong>Example 2.1: Testing array operations with PHPUnit</strong></p>
<div class="example-contents"><pre class="programlisting">&lt;?php
class StackTest extends PHPUnit_Framework_TestCase
{
    public function testPushAndPop()
    {
        $stack = array();
        $this-&gt;assertEquals(0, count($stack));

        array_push($stack, 'foo');
        $this-&gt;assertEquals('foo', $stack[count($stack)-1]);
        $this-&gt;assertEquals(1, count($stack));

        $this-&gt;assertEquals('foo', array_pop($stack));
        $this-&gt;assertEquals(0, count($stack));
    }
}
?&gt;</pre></div>
</div>
<br class="example-break"><div class="blockquote"><table border="0" class="blockquote" style="width: 100%; cellspacing: 0; cellpadding: 0;" summary="Block quote">
<tr>
<td width="10%" valign="top"> </td>
<td width="80%" valign="top"><p>
      Whenever you are tempted to type something into a
      <code class="literal">print</code> statement or a debugger expression, write it
      as a test instead.
    </p></td>
<td width="10%" valign="top"> </td>
</tr>
<tr>
<td width="10%" valign="top"> </td>
<td colspan="2" align="right" valign="top">--<span class="attribution">Martin Fowler</span>
</td>
</tr>
</table></div>
<div class="section">
<div class="titlepage"><div><div><h2 class="title" style="clear: both">
<a id="writing-tests-for-phpunit.test-dependencies"></a>Test Dependencies</h2></div></div></div>
<div class="blockquote"><table border="0" class="blockquote" style="width: 100%; cellspacing: 0; cellpadding: 0;" summary="Block quote">
<tr>
<td width="10%" valign="top"> </td>
<td width="80%" valign="top"><p>
        Unit Tests are primarily written as a good practice to help developers
        identify and fix bugs, to refactor code and to serve as documentation
        for a unit of software under test. To achieve these benefits, unit tests
        ideally should cover all the possible paths in a program. One unit test
        usually covers one specific path in one function or method. However a
        test method is not necessary an encapsulated, independent entity. Often
        there are implicit dependencies between test methods, hidden in the
        implementation scenario of a test.
      </p></td>
<td width="10%" valign="top"> </td>
</tr>
<tr>
<td width="10%" valign="top"> </td>
<td colspan="2" align="right" valign="top">--<span class="attribution">Adrian Kuhn et. al.</span>
</td>
</tr>
</table></div>
<p>
      <a id="idp198736" class="indexterm"></a>

      PHPUnit supports the declaration of explicit dependencies between test
      methods. Such dependencies do not define the order in which the test
      methods are to be executed but they allow the returning of an instance of
      the test fixture by a producer and passing it to the dependent consumers.
    </p>
<div class="itemizedlist"><ul class="itemizedlist" style="list-style-type: disc; ">
<li class="listitem"><p>A producer is a test method that yields its unit under test as return value.</p></li>
<li class="listitem"><p>A consumer is a test method that depends on one or more producers and their return values.</p></li>
</ul></div>
<p>
      <a id="idp201712" class="indexterm"></a>
      <a id="idp202288" class="indexterm"></a>

      <a class="xref" href="writing-tests-for-phpunit.html#writing-tests-for-phpunit.examples.StackTest2.php" title="Example 2.2: Using the @depends annotation to express dependencies">Example 2.2</a> shows
      how to use the <code class="literal">@depends</code> annotation to express
      dependencies between test methods.
    </p>
<div class="example">
<a id="writing-tests-for-phpunit.examples.StackTest2.php"></a><p class="title"><strong>Example 2.2: Using the <code class="literal">@depends</code> annotation to express dependencies</strong></p>
<div class="example-contents"><pre class="programlisting">&lt;?php
class StackTest extends PHPUnit_Framework_TestCase
{
    public function testEmpty()
    {
        $stack = array();
        $this-&gt;assertEmpty($stack);

        return $stack;
    }

    /**
     * @depends testEmpty
     */
    public function testPush(array $stack)
    {
        array_push($stack, 'foo');
        $this-&gt;assertEquals('foo', $stack[count($stack)-1]);
        $this-&gt;assertNotEmpty($stack);

        return $stack;
    }

    /**
     * @depends testPush
     */
    public function testPop(array $stack)
    {
        $this-&gt;assertEquals('foo', array_pop($stack));
        $this-&gt;assertEmpty($stack);
    }
}
?&gt;</pre></div>
</div>
<br class="example-break"><p>
      In the example above, the first test, <code class="literal">testEmpty()</code>,
      creates a new array and asserts that it is empty. The test then returns
      the fixture as its result. The second test, <code class="literal">testPush()</code>,
      depends on <code class="literal">testEmpty()</code> and is passed the result of that
      depended-upon test as its argument. Finally, <code class="literal">testPop()</code>
      depends upon <code class="literal">testPush()</code>.
    </p>
<div class="alert alert-info">
<h3 class="title">Note</h3>
<p>
        <a id="idp94112" class="indexterm"></a>
        <a id="idp94688" class="indexterm"></a>

        The return value yielded by a producer is passed "as-is" to its
        consumers by default. This means that when a producer returns an object
        a reference to that object is passed to the consumers. When a copy
        should be used instead of a reference then <code class="code">@depends clone</code>
        should be used instead of <code class="code">@depends</code>.
      </p>
</div>
<p>
      <a id="idp97008" class="indexterm"></a>

      To quickly localize defects, we want our attention to be focussed on
      relevant failing tests. This is why PHPUnit skips the execution of a test
      when a depended-upon test has failed. This improves defect localization by
      exploiting the dependencies between tests as shown in
      <a class="xref" href="writing-tests-for-phpunit.html#writing-tests-for-phpunit.examples.DependencyFailureTest.php" title="Example 2.3: Exploiting the dependencies between tests">Example 2.3</a>.
    </p>
<div class="example">
<a id="writing-tests-for-phpunit.examples.DependencyFailureTest.php"></a><p class="title"><strong>Example 2.3: Exploiting the dependencies between tests</strong></p>
<div class="example-contents">
<pre class="programlisting">&lt;?php
class DependencyFailureTest extends PHPUnit_Framework_TestCase
{
    public function testOne()
    {
        $this-&gt;assertTrue(FALSE);
    }

    /**
     * @depends testOne
     */
    public function testTwo()
    {
    }
}
?&gt;</pre>
<pre class="screen"><strong class="userinput"><code>phpunit --verbose DependencyFailureTest</code></strong>
PHPUnit 5.2.0 by Sebastian Bergmann and contributors.

FS

Time: 0 seconds, Memory: 5.00Mb

There was 1 failure:

1) DependencyFailureTest::testOne
Failed asserting that false is true.

/home/sb/DependencyFailureTest.php:6

There was 1 skipped test:

1) DependencyFailureTest::testTwo
This test depends on "DependencyFailureTest::testOne" to pass.


FAILURES!
Tests: 1, Assertions: 1, Failures: 1, Skipped: 1.</pre>
</div>
</div>
<br class="example-break"><p>
      A test may have more than one <code class="literal">@depends</code> annotation.
      PHPUnit does not change the order in which tests are executed, you have to
      ensure that the dependencies of a test can actually be met before the test
      is run.
    </p>
<p>
      A test that has more than one <code class="literal">@depends</code> annotation
      will get a fixture from the first producer as the first argument, a fixture
      from the second producer as the second argument, and so on.
      See <a class="xref" href="writing-tests-for-phpunit.html#writing-tests-for-phpunit.examples.MultipleDependencies.php" title="Example 2.4: Test with multiple dependencies">Example 2.4</a>
    </p>
<div class="example">
<a id="writing-tests-for-phpunit.examples.MultipleDependencies.php"></a><p class="title"><strong>Example 2.4: Test with multiple dependencies</strong></p>
<div class="example-contents">
<pre class="programlisting">&lt;?php
class MultipleDependenciesTest extends PHPUnit_Framework_TestCase
{
    public function testProducerFirst()
    {
        $this-&gt;assertTrue(true);
        return 'first';
    }

    public function testProducerSecond()
    {
        $this-&gt;assertTrue(true);
        return 'second';
    }

    /**
     * @depends testProducerFirst
     * @depends testProducerSecond
     */
    public function testConsumer()
    {
        $this-&gt;assertEquals(
            array('first', 'second'),
            func_get_args()
        );
    }
}
?&gt;</pre>
<pre class="screen"><strong class="userinput"><code>phpunit --verbose MultipleDependenciesTest</code></strong>
PHPUnit 5.2.0 by Sebastian Bergmann and contributors.

...

Time: 0 seconds, Memory: 3.25Mb

OK (3 tests, 3 assertions)</pre>
</div>
</div>
<br class="example-break">
</div>
<div class="section">
<div class="titlepage"><div><div><h2 class="title" style="clear: both">
<a id="writing-tests-for-phpunit.data-providers"></a>Data Providers</h2></div></div></div>
<p>
      <a id="idp108752" class="indexterm"></a>
      <a id="idp109328" class="indexterm"></a>
      A test method can accept arbitrary arguments. These arguments are to be
      provided by a data provider method (<code class="literal">additionProvider()</code> in
      <a class="xref" href="writing-tests-for-phpunit.html#writing-tests-for-phpunit.data-providers.examples.DataTest.php" title="Example 2.5: Using a data provider that returns an array of arrays">Example 2.5</a>).
      The data provider method to be used is specified using the
      <code class="literal">@dataProvider</code> annotation.
    </p>
<p>
      A data provider method must be <code class="literal">public</code> and either return
      an array of arrays or an object that implements the <code class="literal">Iterator</code>
      interface and yields an array for each iteration step. For each array that
      is part of the collection the test method will be called with the contents
      of the array as its arguments.
    </p>
<div class="example">
<a id="writing-tests-for-phpunit.data-providers.examples.DataTest.php"></a><p class="title"><strong>Example 2.5: Using a data provider that returns an array of arrays</strong></p>
<div class="example-contents">
<pre class="programlisting">&lt;?php
class DataTest extends PHPUnit_Framework_TestCase
{
    /**
     * @dataProvider additionProvider
     */
    public function testAdd($a, $b, $expected)
    {
        $this-&gt;assertEquals($expected, $a + $b);
    }

    public function additionProvider()
    {
        return array(
          array(0, 0, 0),
          array(0, 1, 1),
          array(1, 0, 1),
          array(1, 1, 3)
        );
    }
}
?&gt;</pre>
<pre class="screen"><strong class="userinput"><code>phpunit DataTest</code></strong>
PHPUnit 5.2.0 by Sebastian Bergmann and contributors.

...F

Time: 0 seconds, Memory: 5.75Mb

There was 1 failure:

1) DataTest::testAdd with data set #3 (1, 1, 3)
Failed asserting that 2 matches expected 3.

/home/sb/DataTest.php:9

FAILURES!
Tests: 4, Assertions: 4, Failures: 1.</pre>
</div>
</div>
<br class="example-break"><p>
      When using a large number of datasets it's useful to name each one with string key instead of default numeric.
      Output will be more verbose as it'll contain that name of a dataset that breaks a test.
    </p>
<div class="example">
<a id="writing-tests-for-phpunit.data-providers.examples.DataTest1.php"></a><p class="title"><strong>Example 2.6: Using a data provider with named datasets</strong></p>
<div class="example-contents">
<pre class="programlisting">&lt;?php
class DataTest extends PHPUnit_Framework_TestCase
{
    /**
     * @dataProvider additionProvider
     */
    public function testAdd($a, $b, $expected)
    {
        $this-&gt;assertEquals($expected, $a + $b);
    }

    public function additionProvider()
    {
        return array(
          'adding zeros' =&gt; array(0, 0, 0),
          'zero plus one' =&gt; array(0, 1, 1),
          'one plus zero' =&gt; array(1, 0, 1),
          'one plus one' =&gt; array(1, 1, 3)
        );
    }
}
?&gt;</pre>
<pre class="screen"><strong class="userinput"><code>phpunit DataTest</code></strong>
PHPUnit 5.2.0 by Sebastian Bergmann and contributors.

...F

Time: 0 seconds, Memory: 5.75Mb

There was 1 failure:

1) DataTest::testAdd with data set "one plus one" (1, 1, 3)
Failed asserting that 2 matches expected 3.

/home/sb/DataTest.php:9

FAILURES!
Tests: 4, Assertions: 4, Failures: 1.</pre>
</div>
</div>
<br class="example-break"><div class="example">
<a id="writing-tests-for-phpunit.data-providers.examples.DataTest2.php"></a><p class="title"><strong>Example 2.7: Using a data provider that returns an Iterator object</strong></p>
<div class="example-contents">
<pre class="programlisting">&lt;?php
require 'CsvFileIterator.php';

class DataTest extends PHPUnit_Framework_TestCase
{
    /**
     * @dataProvider additionProvider
     */
    public function testAdd($a, $b, $expected)
    {
        $this-&gt;assertEquals($expected, $a + $b);
    }

    public function additionProvider()
    {
        return new CsvFileIterator('data.csv');
    }
}
?&gt;</pre>
<pre class="screen"><strong class="userinput"><code>phpunit DataTest</code></strong>
PHPUnit 5.2.0 by Sebastian Bergmann and contributors.

...F

Time: 0 seconds, Memory: 5.75Mb

There was 1 failure:

1) DataTest::testAdd with data set #3 ('1', '1', '3')
Failed asserting that 2 matches expected '3'.

/home/sb/DataTest.php:11

FAILURES!
Tests: 4, Assertions: 4, Failures: 1.</pre>
</div>
</div>
<br class="example-break"><div class="example">
<a id="writing-tests-for-phpunit.data-providers.examples.CsvFileIterator.php"></a><p class="title"><strong>Example 2.8: The CsvFileIterator class</strong></p>
<div class="example-contents"><pre class="programlisting">&lt;?php
class CsvFileIterator implements Iterator {
    protected $file;
    protected $key = 0;
    protected $current;

    public function __construct($file) {
        $this-&gt;file = fopen($file, 'r');
    }

    public function __destruct() {
        fclose($this-&gt;file);
    }

    public function rewind() {
        rewind($this-&gt;file);
        $this-&gt;current = fgetcsv($this-&gt;file);
        $this-&gt;key = 0;
    }

    public function valid() {
        return !feof($this-&gt;file);
    }

    public function key() {
        return $this-&gt;key;
    }

    public function current() {
        return $this-&gt;current;
    }

    public function next() {
        $this-&gt;current = fgetcsv($this-&gt;file);
        $this-&gt;key++;
    }
}
?&gt;</pre></div>
</div>
<br class="example-break"><p>
      <a id="idp327776" class="indexterm"></a>
      <a id="idp328352" class="indexterm"></a>
      <a id="idp328928" class="indexterm"></a>

      When a test receives input from both a <code class="literal">@dataProvider</code>
      method and from one or more tests it <code class="literal">@depends</code> on, the
      arguments from the data provider will come before the ones from
      depended-upon tests. The arguments from depended-upon tests will be the
      same for each data set.
      See <a class="xref" href="writing-tests-for-phpunit.html#writing-tests-for-phpunit.data-providers.examples.DependencyAndDataProviderCombo.php" title="Example 2.9: Combination of @depends and @dataProvider in same test">Example 2.9</a>
    </p>
<div class="example">
<a id="writing-tests-for-phpunit.data-providers.examples.DependencyAndDataProviderCombo.php"></a><p class="title"><strong>Example 2.9: Combination of @depends and @dataProvider in same test</strong></p>
<div class="example-contents">
<pre class="programlisting">&lt;?php
class DependencyAndDataProviderComboTest extends PHPUnit_Framework_TestCase
{
    public function provider()
    {
        return array(array('provider1'), array('provider2'));
    }

    public function testProducerFirst()
    {
        $this-&gt;assertTrue(true);
        return 'first';
    }

    public function testProducerSecond()
    {
        $this-&gt;assertTrue(true);
        return 'second';
    }

    /**
     * @depends testProducerFirst
     * @depends testProducerSecond
     * @dataProvider provider
     */
    public function testConsumer()
    {
        $this-&gt;assertEquals(
            array('provider1', 'first', 'second'),
            func_get_args()
        );
    }
}
?&gt;</pre>
<pre class="screen"><strong class="userinput"><code>phpunit --verbose DependencyAndDataProviderComboTest</code></strong>
PHPUnit 5.2.0 by Sebastian Bergmann and contributors.

...F

Time: 0 seconds, Memory: 3.50Mb

There was 1 failure:

1) DependencyAndDataProviderComboTest::testConsumer with data set #1 ('provider2')
Failed asserting that two arrays are equal.
--- Expected
+++ Actual
@@ @@
Array (
-    0 =&gt; 'provider1'
+    0 =&gt; 'provider2'
1 =&gt; 'first'
2 =&gt; 'second'
)

/home/sb/DependencyAndDataProviderComboTest.php:31

FAILURES!
Tests: 4, Assertions: 4, Failures: 1.
</pre>
</div>
</div>
<br class="example-break"><div class="alert alert-info">
<h3 class="title">Note</h3>
<p>
        <a id="idp335616" class="indexterm"></a>
        <a id="idp336192" class="indexterm"></a>
        <a id="idp336768" class="indexterm"></a>

        When a test depends on a test that uses data providers, the depending
        test will be executed when the test it depends upon is successful for at
        least one data set. The result of a test that uses data providers cannot
        be injected into a depending test.
      </p>
</div>
<div class="alert alert-info">
<h3 class="title">Note</h3>
<p>
        <a id="idp338512" class="indexterm"></a>
        <a id="idp339088" class="indexterm"></a>
        <a id="idp339664" class="indexterm"></a>

        All data providers are executed before both the call to the <code class="literal">setUpBeforeClass</code>
        static method and the first call to the <code class="literal">setUp</code> method.
        Because of that you can't access any variables you create there from
        within a data provider. This is required in order for PHPUnit to be able
        to compute the total number of tests.
      </p>
</div>
</div>
<div class="section">
<div class="titlepage"><div><div><h2 class="title" style="clear: both">
<a id="writing-tests-for-phpunit.exceptions"></a>Testing Exceptions</h2></div></div></div>
<p>
      <a id="idp343216" class="indexterm"></a>
      <a id="idp343792" class="indexterm"></a>

      <a class="xref" href="writing-tests-for-phpunit.html#writing-tests-for-phpunit.exceptions.examples.ExceptionTest.php" title="Example 2.10: Using the expectException() method">Example 2.10</a>
      shows how to use the <code class="literal">expectException()</code> method to test
      whether an exception is thrown by the code under test.
    </p>
<div class="example">
<a id="writing-tests-for-phpunit.exceptions.examples.ExceptionTest.php"></a><p class="title"><strong>Example 2.10: Using the expectException() method</strong></p>
<div class="example-contents">
<pre class="programlisting">&lt;?php
class ExceptionTest extends PHPUnit_Framework_TestCase
{
    public function testException()
    {
        $this-&gt;expectException(InvalidArgumentException::class);
    }
}
?&gt;</pre>
<pre class="screen"><strong class="userinput"><code>phpunit ExceptionTest</code></strong>
PHPUnit 5.2.0 by Sebastian Bergmann and contributors.

F

Time: 0 seconds, Memory: 4.75Mb

There was 1 failure:

1) ExceptionTest::testException
Expected exception InvalidArgumentException

FAILURES!
Tests: 1, Assertions: 1, Failures: 1.</pre>
</div>
</div>
<br class="example-break"><p>
      <a id="idp348752" class="indexterm"></a>
      <a id="idp349328" class="indexterm"></a>
      <a id="idp349920" class="indexterm"></a>

      In addition to the <code class="literal">expectException()</code> method the
      <code class="literal">expectExceptionCode()</code>,
      <code class="literal">expectExceptionMessage()</code>, and
      <code class="literal">expectExceptionMessageRegExp()</code> methods exist to set up
      expectations for exceptions raised by the code under test.
    </p>
<p>
      <a id="idp352880" class="indexterm"></a>
      <a id="idp353456" class="indexterm"></a>

      Alternatively, you can use the <code class="literal">@expectedException</code>,
      <code class="literal">@expectedExceptionCode</code>,
      <code class="literal">@expectedExceptionMessage</code>, and
      <code class="literal">@expectedExceptionMessageRegExp</code> annotations to set up
      expectations for exceptions raised by the code under test.
      <a class="xref" href="writing-tests-for-phpunit.html#writing-tests-for-phpunit.exceptions.examples.ExceptionTest2.php" title="Example 2.11: Using the @expectedException annotation">Example 2.11</a>
      shows an example.
    </p>
<div class="example">
<a id="writing-tests-for-phpunit.exceptions.examples.ExceptionTest2.php"></a><p class="title"><strong>Example 2.11: Using the @expectedException annotation</strong></p>
<div class="example-contents">
<pre class="programlisting">&lt;?php
class ExceptionTest extends PHPUnit_Framework_TestCase
{
    /**
     * @expectedException InvalidArgumentException
     */
    public function testException()
    {
    }
}
?&gt;</pre>
<pre class="screen"><strong class="userinput"><code>phpunit ExceptionTest</code></strong>
PHPUnit 5.2.0 by Sebastian Bergmann and contributors.

F

Time: 0 seconds, Memory: 4.75Mb

There was 1 failure:

1) ExceptionTest::testException
Expected exception InvalidArgumentException

FAILURES!
Tests: 1, Assertions: 1, Failures: 1.</pre>
</div>
</div>
<br class="example-break">
</div>
<div class="section">
<div class="titlepage"><div><div><h2 class="title" style="clear: both">
<a id="writing-tests-for-phpunit.errors"></a>Testing PHP Errors</h2></div></div></div>
<p>
      <a id="idp361008" class="indexterm"></a>
      <a id="idp361584" class="indexterm"></a>
      <a id="idp362160" class="indexterm"></a>
      <a id="idp362736" class="indexterm"></a>
      <a id="idp363312" class="indexterm"></a>

      By default, PHPUnit converts PHP errors, warnings, and notices that are
      triggered during the execution of a test to an exception. Using these
      exceptions, you can, for instance, expect a test to trigger a PHP error as
      shown in <a class="xref" href="writing-tests-for-phpunit.html#writing-tests-for-phpunit.exceptions.examples.ErrorTest.php" title="Example 2.12: Expecting a PHP error using @expectedException">Example 2.12</a>.
    </p>
<div class="alert alert-info">
<h3 class="title">Note</h3>
<p>
        PHP's <code class="literal">error_reporting</code> runtime configuration can
        limit which errors PHPUnit will convert to exceptions. If you are
        having issues with this feature, be sure PHP is not configured to
        suppress the type of errors you're testing.
      </p>
</div>
<div class="example">
<a id="writing-tests-for-phpunit.exceptions.examples.ErrorTest.php"></a><p class="title"><strong>Example 2.12: Expecting a PHP error using @expectedException</strong></p>
<div class="example-contents">
<pre class="programlisting">&lt;?php
class ExpectedErrorTest extends PHPUnit_Framework_TestCase
{
    /**
     * @expectedException PHPUnit_Framework_Error
     */
    public function testFailingInclude()
    {
        include 'not_existing_file.php';
    }
}
?&gt;</pre>
<pre class="screen"><strong class="userinput"><code>phpunit -d error_reporting=2 ExpectedErrorTest</code></strong>
PHPUnit 5.2.0 by Sebastian Bergmann and contributors.

.

Time: 0 seconds, Memory: 5.25Mb

OK (1 test, 1 assertion)</pre>
</div>
</div>
<br class="example-break"><p>
      <a id="idp369520" class="indexterm"></a>
      <a id="idp370112" class="indexterm"></a>

      <code class="literal">PHPUnit_Framework_Error_Notice</code> and
      <code class="literal">PHPUnit_Framework_Error_Warning</code> represent PHP notices
      and warnings, respectively.
    </p>
<div class="alert alert-info">
<h3 class="title">Note</h3>
<p>
        You should be as specific as possible when testing exceptions. Testing
        for classes that are too generic might lead to undesirable
        side-effects. Accordingly, testing for the <code class="literal">Exception</code>
        class with <code class="literal">@expectedException</code> or
        <code class="literal">setExpectedException()</code> is no longer permitted.
      </p>
</div>
<p>
        When testing that relies on php functions that trigger errors like
        <code class="literal">fopen</code> it can sometimes be useful to use error
        suppression while testing. This allows you to check the return values by
        suppressing notices that would lead to a phpunit
        <code class="literal">PHPUnit_Framework_Error_Notice</code>.
        </p>
<div class="example">
<a id="writing-tests-for-phpunit.exceptions.examples.TriggerErrorReturnValue.php"></a><p class="title"><strong>Example 2.13: Testing return values of code that uses PHP Errors</strong></p>
<div class="example-contents">
<pre class="programlisting">&lt;?php
class ErrorSuppressionTest extends PHPUnit_Framework_TestCase
{
    public function testFileWriting() {
        $writer = new FileWriter;
        $this-&gt;assertFalse(@$writer-&gt;write('/is-not-writeable/file', 'stuff'));
    }
}
class FileWriter
{
    public function write($file, $content) {
        $file = fopen($file, 'w');
        if($file == false) {
            return false;
        }
        // ...
    }
}

?&gt;</pre>
<pre class="screen"><strong class="userinput"><code>phpunit ErrorSuppressionTest</code></strong>
PHPUnit 5.2.0 by Sebastian Bergmann and contributors.

.

Time: 1 seconds, Memory: 5.25Mb

OK (1 test, 1 assertion)</pre>
</div>
</div>
<p><br class="example-break">
    Without the error suppression the test would fail reporting
    <code class="literal">fopen(/is-not-writeable/file): failed to open stream:
    No such file or directory</code>.

    </p>
</div>
<div class="section">
<div class="titlepage"><div><div><h2 class="title" style="clear: both">
<a id="writing-tests-for-phpunit.output"></a>Testing Output</h2></div></div></div>
<p>
      Sometimes you want to assert that the execution of a method, for
      instance, generates an expected output (via <code class="literal">echo</code> or
      <code class="literal">print</code>, for example). The
      <code class="literal">PHPUnit_Framework_TestCase</code> class uses PHP's
      <a class="ulink" href="http://www.php.net/manual/en/ref.outcontrol.php" target="_top">Output
      Buffering</a> feature to provide the functionality that is
      necessary for this.
    </p>
<p>
      <a class="xref" href="writing-tests-for-phpunit.html#writing-tests-for-phpunit.output.examples.OutputTest.php" title="Example 2.14: Testing the output of a function or method">Example 2.14</a>
      shows how to use the <code class="literal">expectOutputString()</code> method to
      set the expected output. If this expected output is not generated, the
      test will be counted as a failure.
    </p>
<div class="example">
<a id="writing-tests-for-phpunit.output.examples.OutputTest.php"></a><p class="title"><strong>Example 2.14: Testing the output of a function or method</strong></p>
<div class="example-contents">
<pre class="programlisting">&lt;?php
class OutputTest extends PHPUnit_Framework_TestCase
{
    public function testExpectFooActualFoo()
    {
        $this-&gt;expectOutputString('foo');
        print 'foo';
    }

    public function testExpectBarActualBaz()
    {
        $this-&gt;expectOutputString('bar');
        print 'baz';
    }
}
?&gt;</pre>
<pre class="screen"><strong class="userinput"><code>phpunit OutputTest</code></strong>
PHPUnit 5.2.0 by Sebastian Bergmann and contributors.

.F

Time: 0 seconds, Memory: 5.75Mb

There was 1 failure:

1) OutputTest::testExpectBarActualBaz
Failed asserting that two strings are equal.
--- Expected
+++ Actual
@@ @@
-'bar'
+'baz'


FAILURES!
Tests: 2, Assertions: 2, Failures: 1.</pre>
</div>
</div>
<br class="example-break"><p>
      <a class="xref" href="writing-tests-for-phpunit.html#writing-tests-for-phpunit.output.tables.api" title="Table 2.1. Methods for testing output">Table 2.1</a>
      shows the methods provided for testing output
    </p>
<div class="table">
<a id="writing-tests-for-phpunit.output.tables.api"></a><p class="title"><strong>Table 2.1. Methods for testing output</strong></p>
<div class="table-contents"><table summary="Methods for testing output" border="1">
<colgroup>
<col>
<col>
</colgroup>
<thead><tr>
<th align="left">Method</th>
<th align="left">Meaning</th>
</tr></thead>
<tbody>
<tr>
<td align="left"><code class="literal">void expectOutputRegex(string $regularExpression)</code></td>
<td align="left">Set up the expectation that the output matches a <code class="literal">$regularExpression</code>.</td>
</tr>
<tr>
<td align="left"><code class="literal">void expectOutputString(string $expectedString)</code></td>
<td align="left">Set up the expectation that the output is equal to an <code class="literal">$expectedString</code>.</td>
</tr>
<tr>
<td align="left"><code class="literal">bool setOutputCallback(callable $callback)</code></td>
<td align="left">Sets up a callback that is used to, for instance, normalize the actual output.</td>
</tr>
</tbody>
</table></div>
</div>
<br class="table-break"><div class="alert alert-info">
<h3 class="title">Note</h3>
<p>
        A test that emits output will fail in strict mode.
      </p>
</div>
</div>
<div class="section">
<div class="titlepage"><div><div><h2 class="title" style="clear: both">
<a id="writing-tests-for-phpunit.error-output"></a>Error output</h2></div></div></div>
<p>
      Whenever a test fails PHPUnit tries its best to provide you with as much
      context as possible that can help to identify the problem.
    </p>
<div class="example">
<a id="writing-tests-for-phpunit.error-output.examples.ArrayDiffTest.php"></a><p class="title"><strong>Example 2.15: Error output generated when an array comparison fails</strong></p>
<div class="example-contents">
<pre class="programlisting">&lt;?php
class ArrayDiffTest extends PHPUnit_Framework_TestCase
{
    public function testEquality() {
        $this-&gt;assertEquals(
            array(1,2,3 ,4,5,6),
            array(1,2,33,4,5,6)
        );
    }
}
?&gt;</pre>
<pre class="screen"><strong class="userinput"><code>phpunit ArrayDiffTest</code></strong>
PHPUnit 5.2.0 by Sebastian Bergmann and contributors.

F

Time: 0 seconds, Memory: 5.25Mb

There was 1 failure:

1) ArrayDiffTest::testEquality
Failed asserting that two arrays are equal.
--- Expected
+++ Actual
@@ @@
 Array (
     0 =&gt; 1
     1 =&gt; 2
-    2 =&gt; 3
+    2 =&gt; 33
     3 =&gt; 4
     4 =&gt; 5
     5 =&gt; 6
 )

/home/sb/ArrayDiffTest.php:7

FAILURES!
Tests: 1, Assertions: 1, Failures: 1.</pre>
</div>
</div>
<br class="example-break"><p>
      In this example only one of the array values differs and the other values
      are shown to provide context on where the error occurred.
    </p>
<p>
      When the generated output would be long to read PHPUnit will split it up
      and provide a few lines of context around every difference.
    </p>
<div class="example">
<a id="writing-tests-for-phpunit.error-output.examples.LongArrayDiffTest.php"></a><p class="title"><strong>Example 2.16: Error output when an array comparison of an long array fails</strong></p>
<div class="example-contents">
<pre class="programlisting">&lt;?php
class LongArrayDiffTest extends PHPUnit_Framework_TestCase
{
    public function testEquality() {
        $this-&gt;assertEquals(
            array(0,0,0,0,0,0,0,0,0,0,0,0,1,2,3 ,4,5,6),
            array(0,0,0,0,0,0,0,0,0,0,0,0,1,2,33,4,5,6)
        );
    }
}
?&gt;</pre>
<pre class="screen"><strong class="userinput"><code>phpunit LongArrayDiffTest</code></strong>
PHPUnit 5.2.0 by Sebastian Bergmann and contributors.

F

Time: 0 seconds, Memory: 5.25Mb

There was 1 failure:

1) LongArrayDiffTest::testEquality
Failed asserting that two arrays are equal.
--- Expected
+++ Actual
@@ @@
     13 =&gt; 2
-    14 =&gt; 3
+    14 =&gt; 33
     15 =&gt; 4
     16 =&gt; 5
     17 =&gt; 6
 )


/home/sb/LongArrayDiffTest.php:7

FAILURES!
Tests: 1, Assertions: 1, Failures: 1.</pre>
</div>
</div>
<br class="example-break"><div class="section">
<div class="titlepage"><div><div><h3 class="title">
<a id="writing-tests-for-phpunit.error-output.edge-cases"></a>Edge cases</h3></div></div></div>
<p>
        When a comparison fails PHPUnit creates textual representations of the
        input values and compares those. Due to that implementation a diff
        might show more problems than actually exist.
      </p>
<p>
        This only happens when using assertEquals or other 'weak' comparison
        functions on arrays or objects.
      </p>
<div class="example">
<a id="writing-tests-for-phpunit.error-output.edge-cases.examples.ArrayWeakComparisonTest.php"></a><p class="title"><strong>Example 2.17: Edge case in the diff generation when using weak comparison</strong></p>
<div class="example-contents">
<pre class="programlisting">&lt;?php
class ArrayWeakComparisonTest extends PHPUnit_Framework_TestCase
{
    public function testEquality() {
        $this-&gt;assertEquals(
            array(1  ,2,3 ,4,5,6),
            array('1',2,33,4,5,6)
        );
    }
}
?&gt;</pre>
<pre class="screen"><strong class="userinput"><code>phpunit ArrayWeakComparisonTest</code></strong>
PHPUnit 5.2.0 by Sebastian Bergmann and contributors.

F

Time: 0 seconds, Memory: 5.25Mb

There was 1 failure:

1) ArrayWeakComparisonTest::testEquality
Failed asserting that two arrays are equal.
--- Expected
+++ Actual
@@ @@
 Array (
-    0 =&gt; 1
+    0 =&gt; '1'
     1 =&gt; 2
-    2 =&gt; 3
+    2 =&gt; 33
     3 =&gt; 4
     4 =&gt; 5
     5 =&gt; 6
 )


/home/sb/ArrayWeakComparisonTest.php:7

FAILURES!
Tests: 1, Assertions: 1, Failures: 1.</pre>
</div>
</div>
<br class="example-break"><p>
        In this example the difference in the first index between
        <code class="literal">1</code> and <code class="literal">'1'</code> is
        reported even though assertEquals considers the values as a match.
      </p>
</div>
</div>